<?xml version="1.0" encoding="UTF-8"?>
<testsuite xmlns:xsi="http://www.w3.org/2001/XMLSchema-instance" xsi:noNamespaceSchemaLocation="https://maven.apache.org/surefire/maven-surefire-plugin/xsd/surefire-test-report.xsd" name="tests.TestVeiculo" time="31.913" tests="4" errors="0" skipped="0" failures="0">
  <properties>
[...]
</properties>
  <testcase name="cadastrarVeiculos" classname="tests.TestVeiculo" time="7.744"/>
  <testcase name="veiculoCadastrado" classname="tests.TestVeiculo" time="8.704"/>
  <testcase name="pesquisarPlaca" classname="tests.TestVeiculo" time="7.844"/>
  <testcase name="remover" classname="tests.TestVeiculo" time="7.62"/>
</testsuite>